#
# A fatal error has been detected by the Java Runtime Environment:
#
#  EXCEPTION_ACCESS_VIOLATION (0xc0000005) at pc=0x0000000002fe09c9, pid=13864, tid=0x0000000000004f90
#
# JRE version: Java(TM) SE Runtime Environment (8.0_181-b13) (build 1.8.0_181-b13)
# Java VM: Java HotSpot(TM) 64-Bit Server VM (25.181-b13 mixed mode windows-amd64 compressed oops)
# Problematic frame:
# v  ~StubRoutines::atomic_add
#
# Failed to write core dump. Minidumps are not enabled by default on client versions of Windows
#
# If you would like to submit a bug report, please visit:
#   http://bugreport.java.com/bugreport/crash.jsp
#

---------------  T H R E A D  ---------------

Current thread (0x0000000017ae7000):  JavaThread "C1 CompilerThread2" daemon [_thread_in_vm, id=20368, stack(0x0000000019360000,0x0000000019460000)]

siginfo: ExceptionCode=0xc0000005, writing address 0x0000000068745b28

Registers:
RAX=0x0000000000010000, RBX=0x000000001e8674c0, RCX=0x0000000000010000, RDX=0x0000000068745b28
RSP=0x000000001945e088, RBP=0x00000000000000b8, RSI=0x000000001945e1e0, RDI=0x0000000068745b28
R8 =0x0000000000000000, R9 =0x0000000000000001, R10=0x0000000068745b28, R11=0x0000000000000000
R12=0x0000000002ef0980, R13=0x0000000068745b28, R14=0x0000000002ff3be0, R15=0x000000001e866110
RIP=0x0000000002fe09c9, EFLAGS=0x0000000000010202

Top of Stack: (sp=0x000000001945e088)
0x000000001945e088:   000000006827bb76 0000000000000000
0x000000001945e098:   0000000000000000 0000000100022fe0
0x000000001945e0a8:   0000000100002600 0000000100022fe0
0x000000001945e0b8:   000000006818836a 0000000000000000
0x000000001945e0c8:   0000000000000000 000000001945ef80
0x000000001945e0d8:   0000000068561c4d 000000001a0f6f30
0x000000001945e0e8:   0000000068183774 000000001a0f6f30
0x000000001945e0f8:   0000000068745b28 00000000000000b8
0x000000001945e108:   000000000000001c 000000001945f680
0x000000001945e118:   0000000068170536 0000000000000000
0x000000001945e128:   00000000000000b8 000000001945e1e0
0x000000001945e138:   000000001945e1e0 0000000002ff3be0
0x000000001945e148:   00000000000000b8 0000000002ef0980
0x000000001945e158:   00000000172410f8 0000000017ae7000
0x000000001945e168:   00000000683b5c41 0000000019d15f70
0x000000001945e178:   0000000000000008 00000000000000b8 

Instructions: (pc=0x0000000002fe09c9)
0x0000000002fe09a9:   ff 8b c1 87 02 c3 48 8b c1 48 87 02 c3 41 8b c0
0x0000000002fe09b9:   f0 0f b1 0a c3 49 8b c0 f0 48 0f b1 0a c3 8b c1
0x0000000002fe09c9:   f0 0f c1 0a 03 c1 c3 48 8b c1 f0 48 0f c1 0a 48
0x0000000002fe09d9:   03 c1 c3 f0 83 04 24 00 c3 68 00 00 00 00 48 89 


Register to memory mapping:

RAX=0x0000000000010000 is an unknown value
RBX=0x000000001e8674c0 is an unknown value
RCX=0x0000000000010000 is an unknown value
RDX=0x0000000068745b28 is an unknown value
RSP=0x000000001945e088 is pointing into the stack for thread: 0x0000000017ae7000
RBP=0x00000000000000b8 is an unknown value
RSI=0x000000001945e1e0 is pointing into the stack for thread: 0x0000000017ae7000
RDI=0x0000000068745b28 is an unknown value
R8 =0x0000000000000000 is an unknown value
R9 =0x0000000000000001 is an unknown value
R10=0x0000000068745b28 is an unknown value
R11=0x0000000000000000 is an unknown value
R12=0x0000000002ef0980 is an unknown value
R13=0x0000000068745b28 is an unknown value
R14=0x0000000002ff3be0 is at code_begin+0 in an Interpreter codelet
method entry point (kind = zerolocals)  [0x0000000002ff3be0, 0x0000000002ff4060]  1152 bytes
R15=0x000000001e866110 is an unknown value


Stack: [0x0000000019360000,0x0000000019460000],  sp=0x000000001945e088,  free space=1016k
Native frames: (J=compiled Java code, j=interpreted, Vv=VM code, C=native code)
C  0x0000000002fe09c9


Current CompileTask:
C1:84460020 9760       1       org.springframework.boot.env.OriginTrackedPropertiesLoader::loadKey (74 bytes)


---------------  P R O C E S S  ---------------

Java Threads: ( => current thread )
  0x000000001e299800 JavaThread "restartedMain" [_thread_in_native, id=4128, stack(0x0000000001310000,0x0000000001410000)]
  0x0000000017ae7800 JavaThread "Thread-60" [_thread_blocked, id=13644, stack(0x0000000001110000,0x0000000001210000)]
  0x000000001e295000 JavaThread "File Watcher" daemon [_thread_blocked, id=10916, stack(0x000000001d0e0000,0x000000001d1e0000)]
  0x000000001e296800 JavaThread "File Watcher" daemon [_thread_blocked, id=18064, stack(0x000000001ae10000,0x000000001af10000)]
  0x000000001e294800 JavaThread "File Watcher" daemon [_thread_blocked, id=9260, stack(0x000000001ad10000,0x000000001ae10000)]
  0x000000001e29b000 JavaThread "DestroyJavaVM" [_thread_blocked, id=18800, stack(0x0000000002de0000,0x0000000002ee0000)]
  0x000000001c008800 JavaThread "mysql-cj-abandoned-connection-cleanup" daemon [_thread_blocked, id=10328, stack(0x000000001d2e0000,0x000000001d3e0000)]
  0x0000000019f65000 JavaThread "RMI TCP Accept-0" daemon [_thread_in_native, id=18620, stack(0x000000001a6a0000,0x000000001a7a0000)]
  0x0000000019f5b800 JavaThread "RMI TCP Accept-59832" daemon [_thread_in_native, id=4628, stack(0x000000001a5a0000,0x000000001a6a0000)]
  0x0000000019f4d800 JavaThread "RMI TCP Accept-0" daemon [_thread_in_native, id=4928, stack(0x000000001a4a0000,0x000000001a5a0000)]
  0x0000000017b2d800 JavaThread "Service Thread" daemon [_thread_blocked, id=19632, stack(0x0000000019860000,0x0000000019960000)]
=>0x0000000017ae7000 JavaThread "C1 CompilerThread2" daemon [_thread_in_vm, id=20368, stack(0x0000000019360000,0x0000000019460000)]
  0x0000000017ae0800 JavaThread "C2 CompilerThread1" daemon [_thread_blocked, id=10928, stack(0x0000000019260000,0x0000000019360000)]
  0x0000000017ad9000 JavaThread "C2 CompilerThread0" daemon [_thread_blocked, id=13192, stack(0x0000000019160000,0x0000000019260000)]
  0x0000000017ad7800 JavaThread "Attach Listener" daemon [_thread_blocked, id=12220, stack(0x0000000019060000,0x0000000019160000)]
  0x0000000017ad6800 JavaThread "Signal Dispatcher" daemon [_thread_blocked, id=11240, stack(0x0000000018f60000,0x0000000019060000)]
  0x0000000017abc000 JavaThread "Finalizer" daemon [_thread_blocked, id=10960, stack(0x0000000018d30000,0x0000000018e30000)]
  0x0000000002fd6000 JavaThread "Reference Handler" daemon [_thread_blocked, id=3364, stack(0x0000000018c30000,0x0000000018d30000)]

Other Threads:
  0x0000000017a97800 VMThread [stack: 0x0000000018b30000,0x0000000018c30000] [id=9264]
  0x0000000019f6b000 WatcherThread [stack: 0x000000001a7a0000,0x000000001a8a0000] [id=18144]

VM state:not at safepoint (normal execution)

VM Mutex/Monitor currently owned by a thread: None

Heap:
 PSYoungGen      total 315392K, used 14626K [0x00000000d6000000, 0x00000000f5c80000, 0x0000000100000000)
  eden space 313856K, 4% used [0x00000000d6000000,0x00000000d6e489e0,0x00000000e9280000)
  from space 1536K, 0% used [0x00000000f5b00000,0x00000000f5b00000,0x00000000f5c80000)
  to   space 16896K, 0% used [0x00000000f3b80000,0x00000000f3b80000,0x00000000f4c00000)
 ParOldGen       total 76800K, used 25807K [0x0000000082000000, 0x0000000086b00000, 0x00000000d6000000)
  object space 76800K, 33% used [0x0000000082000000,0x0000000083933db0,0x0000000086b00000)
 Metaspace       used 61347K, capacity 66342K, committed 67200K, reserved 1105920K
  class space    used 8682K, capacity 9645K, committed 9856K, reserved 1048576K

Card table byte_map: [0x00000000123a0000,0x00000000127a0000] byte_map_base: 0x0000000011f90000

Marking Bits: (ParMarkBitMap*) 0x0000000068962d00
 Begin Bits: [0x0000000012e40000, 0x0000000014dc0000)
 End Bits:   [0x0000000014dc0000, 0x0000000016d40000)

Polling page: 0x0000000000fd0000

CodeCache: size=245760Kb used=17255Kb max_used=17255Kb free=228504Kb
 bounds [0x0000000002fe0000, 0x00000000040c0000, 0x0000000011fe0000]
 total_blobs=10185 nmethods=9613 adapters=482
 compilation: enabled

Compilation events (10 events):
Event: 83072.211 Thread 0x0000000017ae7000 nmethod 9754 0x00000000040b8b50 code [0x00000000040b8cc0, 0x00000000040b8ef8]
Event: 83098.034 Thread 0x0000000017ae7000 9756       1       java.net.InetAddress::getAllByName (387 bytes)
Event: 83098.106 Thread 0x0000000017ae7000 nmethod 9756 0x00000000040b9410 code [0x00000000040b9800, 0x00000000040bafd8]
Event: 84445.529 Thread 0x0000000017ae7000 9757       1       java.text.SimpleDateFormat::format (21 bytes)
Event: 84445.541 Thread 0x0000000017ae7000 nmethod 9757 0x00000000040bc5d0 code [0x00000000040bc740, 0x00000000040bc8b8]
Event: 84448.860 Thread 0x0000000017ae7000 9758       1       org.springframework.boot.devtools.filewatch.ChangedFile::hashCode (19 bytes)
Event: 84448.861 Thread 0x0000000017ae7000 nmethod 9758 0x00000000040bc990 code [0x00000000040bcb00, 0x00000000040bccc8]
Event: 84459.635 Thread 0x0000000017ae7000 9759       1       org.springframework.boot.context.FileEncodingApplicationListener::getOrder (3 bytes)
Event: 84459.635 Thread 0x0000000017ae7000 nmethod 9759 0x00000000040bce90 code [0x00000000040bcfe0, 0x00000000040bd0f0]
Event: 84459.646 Thread 0x0000000017ae7000 9760       1       org.springframework.boot.env.OriginTrackedPropertiesLoader::loadKey (74 bytes)

GC Heap History (10 events):
Event: 62376.192 GC heap before
{Heap before GC invocations=46 (full 13):
 PSYoungGen      total 367104K, used 367077K [0x00000000d6000000, 0x00000000f8380000, 0x0000000100000000)
  eden space 357376K, 100% used [0x00000000d6000000,0x00000000ebd00000,0x00000000ebd00000)
  from space 9728K, 99% used [0x00000000f7a00000,0x00000000f8379708,0x00000000f8380000)
  to   space 14848K, 0% used [0x00000000f6680000,0x00000000f6680000,0x00000000f7500000)
 ParOldGen       total 76800K, used 29569K [0x0000000082000000, 0x0000000086b00000, 0x00000000d6000000)
  object space 76800K, 38% used [0x0000000082000000,0x0000000083ce0430,0x0000000086b00000)
 Metaspace       used 61781K, capacity 67056K, committed 67200K, reserved 1105920K
  class space    used 8748K, capacity 9765K, committed 9856K, reserved 1048576K
Event: 62376.399 GC heap after
Heap after GC invocations=46 (full 13):
 PSYoungGen      total 344064K, used 1840K [0x00000000d6000000, 0x00000000f7a80000, 0x0000000100000000)
  eden space 342016K, 0% used [0x00000000d6000000,0x00000000d6000000,0x00000000eae00000)
  from space 2048K, 89% used [0x00000000f6680000,0x00000000f684c2b0,0x00000000f6880000)
  to   space 15872K, 0% used [0x00000000f6b00000,0x00000000f6b00000,0x00000000f7a80000)
 ParOldGen       total 76800K, used 38089K [0x0000000082000000, 0x0000000086b00000, 0x00000000d6000000)
  object space 76800K, 49% used [0x0000000082000000,0x0000000084532418,0x0000000086b00000)
 Metaspace       used 61781K, capacity 67056K, committed 67200K, reserved 1105920K
  class space    used 8748K, capacity 9765K, committed 9856K, reserved 1048576K
}
Event: 80610.062 GC heap before
{Heap before GC invocations=47 (full 13):
 PSYoungGen      total 344064K, used 343856K [0x00000000d6000000, 0x00000000f7a80000, 0x0000000100000000)
  eden space 342016K, 100% used [0x00000000d6000000,0x00000000eae00000,0x00000000eae00000)
  from space 2048K, 89% used [0x00000000f6680000,0x00000000f684c2b0,0x00000000f6880000)
  to   space 15872K, 0% used [0x00000000f6b00000,0x00000000f6b00000,0x00000000f7a80000)
 ParOldGen       total 76800K, used 38089K [0x0000000082000000, 0x0000000086b00000, 0x00000000d6000000)
  object space 76800K, 49% used [0x0000000082000000,0x0000000084532418,0x0000000086b00000)
 Metaspace       used 61781K, capacity 67056K, committed 67200K, reserved 1105920K
  class space    used 8748K, capacity 9765K, committed 9856K, reserved 1048576K
Event: 80610.078 GC heap after
Heap after GC invocations=47 (full 13):
 PSYoungGen      total 329728K, used 1872K [0x00000000d6000000, 0x00000000f6d00000, 0x0000000100000000)
  eden space 327680K, 0% used [0x00000000d6000000,0x00000000d6000000,0x00000000ea000000)
  from space 2048K, 91% used [0x00000000f6b00000,0x00000000f6cd42b0,0x00000000f6d00000)
  to   space 16384K, 0% used [0x00000000f4d00000,0x00000000f4d00000,0x00000000f5d00000)
 ParOldGen       total 76800K, used 38089K [0x0000000082000000, 0x0000000086b00000, 0x00000000d6000000)
  object space 76800K, 49% used [0x0000000082000000,0x0000000084532418,0x0000000086b00000)
 Metaspace       used 61781K, capacity 67056K, committed 67200K, reserved 1105920K
  class space    used 8748K, capacity 9765K, committed 9856K, reserved 1048576K
}
Event: 82728.824 GC heap before
{Heap before GC invocations=48 (full 13):
 PSYoungGen      total 329728K, used 329552K [0x00000000d6000000, 0x00000000f6d00000, 0x0000000100000000)
  eden space 327680K, 100% used [0x00000000d6000000,0x00000000ea000000,0x00000000ea000000)
  from space 2048K, 91% used [0x00000000f6b00000,0x00000000f6cd42b0,0x00000000f6d00000)
  to   space 16384K, 0% used [0x00000000f4d00000,0x00000000f4d00000,0x00000000f5d00000)
 ParOldGen       total 76800K, used 38089K [0x0000000082000000, 0x0000000086b00000, 0x00000000d6000000)
  object space 76800K, 49% used [0x0000000082000000,0x0000000084532418,0x0000000086b00000)
 Metaspace       used 61781K, capacity 67056K, committed 67200K, reserved 1105920K
  class space    used 8748K, capacity 9765K, committed 9856K, reserved 1048576K
Event: 82728.835 GC heap after
Heap after GC invocations=48 (full 13):
 PSYoungGen      total 315392K, used 1424K [0x00000000d6000000, 0x00000000f6b80000, 0x0000000100000000)
  eden space 313856K, 0% used [0x00000000d6000000,0x00000000d6000000,0x00000000e9280000)
  from space 1536K, 92% used [0x00000000f4d00000,0x00000000f4e64210,0x00000000f4e80000)
  to   space 16896K, 0% used [0x00000000f5b00000,0x00000000f5b00000,0x00000000f6b80000)
 ParOldGen       total 76800K, used 38089K [0x0000000082000000, 0x0000000086b00000, 0x00000000d6000000)
  object space 76800K, 49% used [0x0000000082000000,0x0000000084532418,0x0000000086b00000)
 Metaspace       used 61781K, capacity 67056K, committed 67200K, reserved 1105920K
  class space    used 8748K, capacity 9765K, committed 9856K, reserved 1048576K
}
Event: 84449.633 GC heap before
{Heap before GC invocations=49 (full 13):
 PSYoungGen      total 315392K, used 280212K [0x00000000d6000000, 0x00000000f6b80000, 0x0000000100000000)
  eden space 313856K, 88% used [0x00000000d6000000,0x00000000e7040ff0,0x00000000e9280000)
  from space 1536K, 92% used [0x00000000f4d00000,0x00000000f4e64210,0x00000000f4e80000)
  to   space 16896K, 0% used [0x00000000f5b00000,0x00000000f5b00000,0x00000000f6b80000)
 ParOldGen       total 76800K, used 38089K [0x0000000082000000, 0x0000000086b00000, 0x00000000d6000000)
  object space 76800K, 49% used [0x0000000082000000,0x0000000084532418,0x0000000086b00000)
 Metaspace       used 61783K, capacity 67062K, committed 67200K, reserved 1105920K
  class space    used 8748K, capacity 9767K, committed 9856K, reserved 1048576K
Event: 84449.715 GC heap after
Heap after GC invocations=49 (full 13):
 PSYoungGen      total 315392K, used 1232K [0x00000000d6000000, 0x00000000f5c80000, 0x0000000100000000)
  eden space 313856K, 0% used [0x00000000d6000000,0x00000000d6000000,0x00000000e9280000)
  from space 1536K, 80% used [0x00000000f5b00000,0x00000000f5c34150,0x00000000f5c80000)
  to   space 16896K, 0% used [0x00000000f3b80000,0x00000000f3b80000,0x00000000f4c00000)
 ParOldGen       total 76800K, used 38097K [0x0000000082000000, 0x0000000086b00000, 0x00000000d6000000)
  object space 76800K, 49% used [0x0000000082000000,0x0000000084534418,0x0000000086b00000)
 Metaspace       used 61783K, capacity 67062K, committed 67200K, reserved 1105920K
  class space    used 8748K, capacity 9767K, committed 9856K, reserved 1048576K
}
Event: 84449.715 GC heap before
{Heap before GC invocations=50 (full 14):
 PSYoungGen      total 315392K, used 1232K [0x00000000d6000000, 0x00000000f5c80000, 0x0000000100000000)
  eden space 313856K, 0% used [0x00000000d6000000,0x00000000d6000000,0x00000000e9280000)
  from space 1536K, 80% used [0x00000000f5b00000,0x00000000f5c34150,0x00000000f5c80000)
  to   space 16896K, 0% used [0x00000000f3b80000,0x00000000f3b80000,0x00000000f4c00000)
 ParOldGen       total 76800K, used 38097K [0x0000000082000000, 0x0000000086b00000, 0x00000000d6000000)
  object space 76800K, 49% used [0x0000000082000000,0x0000000084534418,0x0000000086b00000)
 Metaspace       used 61783K, capacity 67062K, committed 67200K, reserved 1105920K
  class space    used 8748K, capacity 9767K, committed 9856K, reserved 1048576K
Event: 84459.350 GC heap after
Heap after GC invocations=50 (full 14):
 PSYoungGen      total 315392K, used 0K [0x00000000d6000000, 0x00000000f5c80000, 0x0000000100000000)
  eden space 313856K, 0% used [0x00000000d6000000,0x00000000d6000000,0x00000000e9280000)
  from space 1536K, 0% used [0x00000000f5b00000,0x00000000f5b00000,0x00000000f5c80000)
  to   space 16896K, 0% used [0x00000000f3b80000,0x00000000f3b80000,0x00000000f4c00000)
 ParOldGen       total 76800K, used 25807K [0x0000000082000000, 0x0000000086b00000, 0x00000000d6000000)
  object space 76800K, 33% used [0x0000000082000000,0x0000000083933db0,0x0000000086b00000)
 Metaspace       used 61307K, capacity 66276K, committed 67200K, reserved 1105920K
  class space    used 8676K, capacity 9633K, committed 9856K, reserved 1048576K
}

Deoptimization events (0 events):
No events

Classes redefined (0 events):
No events

Internal exceptions (10 events):
Event: 4207.058 Thread 0x000000001e297800 Exception <a 'java/lang/ClassNotFoundException': java/lang/ObjectCustomizer> (0x00000000e05a9e20) thrown at [C:\re\workspace\8-2-build-windows-amd64-cygwin\jdk8u181\11358\hotspot\src\share\vm\classfile\systemDictionary.cpp, line 210]
Event: 4207.059 Thread 0x000000001e297800 Exception <a 'java/lang/ClassNotFoundException': microsecurite/entities/AppRoleCustomizer> (0x00000000e05c21f8) thrown at [C:\re\workspace\8-2-build-windows-amd64-cygwin\jdk8u181\11358\hotspot\src\share\vm\classfile\systemDictionary.cpp, line 210]
Event: 4207.451 Thread 0x000000001e297800 Exception <a 'java/lang/ClassNotFoundException': java/lang/ObjectCustomizer> (0x00000000e07cdb08) thrown at [C:\re\workspace\8-2-build-windows-amd64-cygwin\jdk8u181\11358\hotspot\src\share\vm\classfile\systemDictionary.cpp, line 210]
Event: 4207.455 Thread 0x000000001e297800 Exception <a 'java/lang/ClassNotFoundException': microsecurite/entities/AppUserCustomizer> (0x00000000e07e5e58) thrown at [C:\re\workspace\8-2-build-windows-amd64-cygwin\jdk8u181\11358\hotspot\src\share\vm\classfile\systemDictionary.cpp, line 210]
Event: 56974.262 Thread 0x000000001e29f800 Exception <a 'java/lang/ArrayIndexOutOfBoundsException'> (0x00000000e9206080) thrown at [C:\re\workspace\8-2-build-windows-amd64-cygwin\jdk8u181\11358\hotspot\src\share\vm\runtime\sharedRuntime.cpp, line 605]
Event: 56976.386 Thread 0x000000001e29f800 Exception <a 'java/lang/ArrayIndexOutOfBoundsException'> (0x00000000e9229840) thrown at [C:\re\workspace\8-2-build-windows-amd64-cygwin\jdk8u181\11358\hotspot\src\share\vm\runtime\sharedRuntime.cpp, line 605]
Event: 56976.486 Thread 0x000000001e29f800 Exception <a 'java/lang/ArrayIndexOutOfBoundsException'> (0x00000000e924a550) thrown at [C:\re\workspace\8-2-build-windows-amd64-cygwin\jdk8u181\11358\hotspot\src\share\vm\runtime\sharedRuntime.cpp, line 605]
Event: 56976.575 Thread 0x000000001e29f800 Exception <a 'java/lang/ArrayIndexOutOfBoundsException'> (0x00000000e925b2f8) thrown at [C:\re\workspace\8-2-build-windows-amd64-cygwin\jdk8u181\11358\hotspot\src\share\vm\runtime\sharedRuntime.cpp, line 605]
Event: 84448.511 Thread 0x000000001e29c800 Exception <a 'java/lang/InterruptedException': sleep interrupted> (0x00000000e6f60d40) thrown at [C:\re\workspace\8-2-build-windows-amd64-cygwin\jdk8u181\11358\hotspot\src\share\vm\prims\jvm.cpp, line 3273]
Event: 84459.640 Thread 0x000000001e299800 Exception <a 'java/io/FileNotFoundException'> (0x00000000d6638a28) thrown at [C:\re\workspace\8-2-build-windows-amd64-cygwin\jdk8u181\11358\hotspot\src\share\vm\prims\jni.cpp, line 709]

Events (10 events):
Event: 84459.639 loading class org/hotswap/agent$HotswapAgent
Event: 84459.639 loading class org/hotswap/agent$HotswapAgent done
Event: 84459.640 loading class liquibase/servicelocator/CustomResolverServiceLocator
Event: 84459.640 loading class liquibase/servicelocator/CustomResolverServiceLocator done
Event: 84459.640 loading class liquibase/servicelocator$CustomResolverServiceLocator
Event: 84459.640 loading class liquibase/servicelocator$CustomResolverServiceLocator done
Event: 84459.658 loading class reactor/tools/agent/ReactorDebugAgent
Event: 84459.658 loading class reactor/tools/agent/ReactorDebugAgent done
Event: 84459.658 loading class reactor/tools/agent$ReactorDebugAgent
Event: 84459.658 loading class reactor/tools/agent$ReactorDebugAgent done


Dynamic libraries:
0x00007ff67f1c0000 - 0x00007ff67f1f7000 	C:\Program Files\Java\jre1.8.0_181\bin\javaw.exe
0x00007ffa69f40000 - 0x00007ffa6a130000 	C:\WINDOWS\SYSTEM32\ntdll.dll
0x00007ffa699a0000 - 0x00007ffa69a52000 	C:\WINDOWS\System32\KERNEL32.DLL
0x00007ffa671c0000 - 0x00007ffa67463000 	C:\WINDOWS\System32\KERNELBASE.dll
0x00007ffa68d70000 - 0x00007ffa68e13000 	C:\WINDOWS\System32\ADVAPI32.dll
0x00007ffa69c10000 - 0x00007ffa69cae000 	C:\WINDOWS\System32\msvcrt.dll
0x00007ffa68460000 - 0x00007ffa684f7000 	C:\WINDOWS\System32\sechost.dll
0x00007ffa69860000 - 0x00007ffa69980000 	C:\WINDOWS\System32\RPCRT4.dll
0x00007ffa68500000 - 0x00007ffa68694000 	C:\WINDOWS\System32\USER32.dll
0x00007ffa67580000 - 0x00007ffa675a1000 	C:\WINDOWS\System32\win32u.dll
0x00007ffa69b10000 - 0x00007ffa69b36000 	C:\WINDOWS\System32\GDI32.dll
0x00007ffa67020000 - 0x00007ffa671b4000 	C:\WINDOWS\System32\gdi32full.dll
0x00007ffa67470000 - 0x00007ffa6750e000 	C:\WINDOWS\System32\msvcp_win.dll
0x00007ffa67770000 - 0x00007ffa6786a000 	C:\WINDOWS\System32\ucrtbase.dll
0x00007ffa52920000 - 0x00007ffa52ba5000 	C:\WINDOWS\WinSxS\amd64_microsoft.windows.common-controls_6595b64144ccf1df_6.0.18362.476_none_e6c4b11b130f2595\COMCTL32.dll
0x00007ffa68a10000 - 0x00007ffa68d46000 	C:\WINDOWS\System32\combase.dll
0x00007ffa675b0000 - 0x00007ffa67630000 	C:\WINDOWS\System32\bcryptPrimitives.dll
0x00007ffa69ed0000 - 0x00007ffa69efe000 	C:\WINDOWS\System32\IMM32.DLL
0x00000000689f0000 - 0x0000000068ac2000 	C:\Program Files\Java\jre1.8.0_181\bin\msvcr100.dll
0x0000000068140000 - 0x00000000689e2000 	C:\Program Files\Java\jre1.8.0_181\bin\server\jvm.dll
0x00007ffa69990000 - 0x00007ffa69998000 	C:\WINDOWS\System32\PSAPI.DLL
0x00007ffa5b280000 - 0x00007ffa5b28a000 	C:\WINDOWS\SYSTEM32\VERSION.dll
0x00007ffa636f0000 - 0x00007ffa63714000 	C:\WINDOWS\SYSTEM32\WINMM.dll
0x00007ffa636c0000 - 0x00007ffa636ed000 	C:\WINDOWS\SYSTEM32\WINMMBASE.dll
0x00007ffa67510000 - 0x00007ffa6755a000 	C:\WINDOWS\System32\cfgmgr32.dll
0x00007ffa65950000 - 0x00007ffa65959000 	C:\WINDOWS\SYSTEM32\WSOCK32.dll
0x00007ffa69cb0000 - 0x00007ffa69d1f000 	C:\WINDOWS\System32\WS2_32.dll
0x0000000068130000 - 0x000000006813f000 	C:\Program Files\Java\jre1.8.0_181\bin\verify.dll
0x0000000068100000 - 0x0000000068129000 	C:\Program Files\Java\jre1.8.0_181\bin\java.dll
0x00000000680e0000 - 0x00000000680f6000 	C:\Program Files\Java\jre1.8.0_181\bin\zip.dll
0x00007ffa68e80000 - 0x00007ffa69565000 	C:\WINDOWS\System32\SHELL32.dll
0x00007ffa69a60000 - 0x00007ffa69b09000 	C:\WINDOWS\System32\shcore.dll
0x00007ffa67870000 - 0x00007ffa67fee000 	C:\WINDOWS\System32\windows.storage.dll
0x00007ffa66e20000 - 0x00007ffa66e3f000 	C:\WINDOWS\System32\profapi.dll
0x00007ffa66e80000 - 0x00007ffa66eca000 	C:\WINDOWS\System32\powrprof.dll
0x00007ffa66e10000 - 0x00007ffa66e20000 	C:\WINDOWS\System32\UMPDC.dll
0x00007ffa68e20000 - 0x00007ffa68e72000 	C:\WINDOWS\System32\shlwapi.dll
0x00007ffa66e40000 - 0x00007ffa66e51000 	C:\WINDOWS\System32\kernel.appcore.dll
0x00007ffa67560000 - 0x00007ffa67577000 	C:\WINDOWS\System32\cryptsp.dll
0x00000000680d0000 - 0x00000000680dd000 	C:\Program Files\Java\jre1.8.0_181\bin\management.dll
0x00000000680b0000 - 0x00000000680ca000 	C:\Program Files\Java\jre1.8.0_181\bin\net.dll
0x00007ffa66680000 - 0x00007ffa666e7000 	C:\WINDOWS\system32\mswsock.dll
0x0000000068090000 - 0x00000000680a1000 	C:\Program Files\Java\jre1.8.0_181\bin\nio.dll
0x00007ffa632c0000 - 0x00007ffa632d6000 	C:\WINDOWS\system32\napinsp.dll
0x00007ffa632a0000 - 0x00007ffa632ba000 	C:\WINDOWS\system32\pnrpnsp.dll
0x00007ffa663d0000 - 0x00007ffa6649a000 	C:\WINDOWS\SYSTEM32\DNSAPI.dll
0x00007ffa69980000 - 0x00007ffa69988000 	C:\WINDOWS\System32\NSI.dll
0x00007ffa66390000 - 0x00007ffa663ca000 	C:\WINDOWS\SYSTEM32\IPHLPAPI.DLL
0x00007ffa63290000 - 0x00007ffa6329e000 	C:\WINDOWS\System32\winrnr.dll
0x00007ffa63180000 - 0x00007ffa6319c000 	C:\WINDOWS\system32\NLAapi.dll
0x00007ffa61d40000 - 0x00007ffa61d55000 	C:\WINDOWS\system32\wshbth.dll
0x00007ffa5a070000 - 0x00007ffa5a07a000 	C:\Windows\System32\rasadhlp.dll
0x00007ffa5b170000 - 0x00007ffa5b1e7000 	C:\WINDOWS\System32\fwpuclnt.dll
0x00007ffa67630000 - 0x00007ffa67656000 	C:\WINDOWS\System32\bcrypt.dll
0x00007ffa661f0000 - 0x00007ffa66223000 	C:\WINDOWS\system32\rsaenh.dll
0x00007ffa66d30000 - 0x00007ffa66d55000 	C:\WINDOWS\SYSTEM32\USERENV.dll
0x00007ffa66850000 - 0x00007ffa6685c000 	C:\WINDOWS\SYSTEM32\CRYPTBASE.dll
0x00007ffa5b480000 - 0x00007ffa5b496000 	C:\WINDOWS\SYSTEM32\dhcpcsvc6.DLL
0x00007ffa5b390000 - 0x00007ffa5b3ac000 	C:\WINDOWS\SYSTEM32\dhcpcsvc.DLL
0x00007ffa65700000 - 0x00007ffa658f4000 	C:\WINDOWS\SYSTEM32\dbghelp.dll

VM Arguments:
jvm_args: -Dcom.sun.management.jmxremote -Dcom.sun.management.jmxremote.port=59832 -Dcom.sun.management.jmxremote.authenticate=false -Dcom.sun.management.jmxremote.ssl=false -Djava.rmi.server.hostname=localhost -Dspring.liveBeansView.mbeanDomain -Dspring.application.admin.enabled=true -Xverify:none -XX:TieredStopAtLevel=1 -Dfile.encoding=UTF-8 
java_command: microsecurite.MicroSecuriteApplication
java_class_path (initial): C:\Program Files\Java\jre1.8.0_181\lib\resources.jar;C:\Program Files\Java\jre1.8.0_181\lib\rt.jar;C:\Program Files\Java\jre1.8.0_181\lib\jsse.jar;C:\Program Files\Java\jre1.8.0_181\lib\jce.jar;C:\Program Files\Java\jre1.8.0_181\lib\charsets.jar;C:\Program Files\Java\jre1.8.0_181\lib\jfr.jar;C:\Program Files\Java\jre1.8.0_181\lib\ext\access-bridge-64.jar;C:\Program Files\Java\jre1.8.0_181\lib\ext\cldrdata.jar;C:\Program Files\Java\jre1.8.0_181\lib\ext\dnsns.jar;C:\Program Files\Java\jre1.8.0_181\lib\ext\dns_sd.jar;C:\Program Files\Java\jre1.8.0_181\lib\ext\jaccess.jar;C:\Program Files\Java\jre1.8.0_181\lib\ext\jfxrt.jar;C:\Program Files\Java\jre1.8.0_181\lib\ext\localedata.jar;C:\Program Files\Java\jre1.8.0_181\lib\ext\nashorn.jar;C:\Program Files\Java\jre1.8.0_181\lib\ext\sunec.jar;C:\Program Files\Java\jre1.8.0_181\lib\ext\sunjce_provider.jar;C:\Program Files\Java\jre1.8.0_181\lib\ext\sunmscapi.jar;C:\Program Files\Java\jre1.8.0_181\lib\ext\sunpkcs11.jar;C:\Program Files\Java\jre1.8.0_181\lib\ext\zipfs.jar;C:\Users\FAROUK\eclipse-workspace\micro-securite\target\classes;C:\Users\FAROUK\.m2\repository\org\springframework\boot\spring-boot-starter-data-jpa\2.2.1.RELEASE\spring-boot-starter-data-jpa-2.2.1.RELEASE.jar;C:\Users\FAROUK\.m2\repository\org\springframework\boot\spring-boot-starter-aop\2.2.1.RELEASE\spring-boot-starter-aop-2.2.1.RELEASE.jar;C:\Users\FAROUK\.m2\repository\org\aspectj\aspectjweaver\1.9.4\aspectjweaver-1.9.4.jar;C:\Users\FAROUK\.m2\repository\org\springframework\boot\spring-boot-starter-jdbc\2.2.1.RELEASE\spring-boot-starter-jdbc-2.2.1.RELEASE.jar;C:\Users\FAROUK\.m2\repository\com\zaxxer\HikariCP\3.4.1\HikariCP-3.4.1.jar;C:\Users\FAROUK\.m2\repository\org\springframework\spring-jdbc\5.2.1.RELEASE\spring-jdbc-5.2.1.RELEASE.jar;C:\Users\FAROUK\.m2\repository\jakarta\activation\jakarta.activation-api\1.2.1\jakarta.activation-api-1.2.1.jar;C:\Users\FAROUK\.m2\repository\jakarta\persistence\jakarta.persistence-api\2.2.3\
Launcher Type: SUN_STANDARD

Environment Variables:
JAVA_HOME=C:\Program Files\Java\jdk1.8.0_181
USERNAME=FAROUK
OS=Windows_NT
PROCESSOR_IDENTIFIER=Intel64 Family 6 Model 69 Stepping 1, GenuineIntel



---------------  S Y S T E M  ---------------

OS: Windows 10.0 , 64 bit Build 18362 (10.0.18362.329)

CPU:total 4 (initial active 4) (2 cores per cpu, 2 threads per core) family 6 model 69 stepping 1, cmov, cx8, fxsr, mmx, sse, sse2, sse3, ssse3, sse4.1, sse4.2, popcnt, avx, avx2, aes, clmul, erms, lzcnt, ht, tsc, tscinvbit, bmi1, bmi2

Memory: 4k page, physical 8250304k(2052620k free), swap 20349868k(9172680k free)

vm_info: Java HotSpot(TM) 64-Bit Server VM (25.181-b13) for windows-amd64 JRE (1.8.0_181-b13), built on Jul  7 2018 04:01:33 by "java_re" with MS VC++ 10.0 (VS2010)

time: Tue Dec 03 20:48:38 2019
elapsed time: 84460 seconds (0d 23h 27m 40s)

